ARM GAS  C:\Users\Ryan\AppData\Local\Temp\ccMNixdp.s 			page 1


   1              		.syntax unified
   2              		.cpu cortex-m3
   3              		.fpu softvfp
   4              		.eabi_attribute 20, 1
   5              		.eabi_attribute 21, 1
   6              		.eabi_attribute 23, 3
   7              		.eabi_attribute 24, 1
   8              		.eabi_attribute 25, 1
   9              		.eabi_attribute 26, 1
  10              		.eabi_attribute 30, 1
  11              		.eabi_attribute 34, 1
  12              		.eabi_attribute 18, 4
  13              		.thumb
  14              		.syntax unified
  15              		.file	"cymetadata.c"
  16              		.text
  17              	.Ltext0:
  18              		.cfi_sections	.debug_frame
  19              		.global	cy_metadata
  20              		.global	cy_meta_flashprotect
  21              		.global	cy_meta_wonvl
  22              		.global	cy_meta_custnvl
  23              		.global	cy_meta_configecc
  24              		.section	.cyconfigecc,"a",%progbits
  25              		.align	2
  26              		.type	cy_meta_configecc, %object
  27              		.size	cy_meta_configecc, 872
  28              	cy_meta_configecc:
  29 0000 03       		.byte	3
  30 0001 65       		.byte	101
  31 0002 00       		.byte	0
  32 0003 40       		.byte	64
  33 0004 04       		.byte	4
  34 0005 04       		.byte	4
  35 0006 01       		.byte	1
  36 0007 40       		.byte	64
  37 0008 01       		.byte	1
  38 0009 05       		.byte	5
  39 000a 01       		.byte	1
  40 000b 40       		.byte	64
  41 000c 01       		.byte	1
  42 000d 07       		.byte	7
  43 000e 01       		.byte	1
  44 000f 40       		.byte	64
  45 0010 01       		.byte	1
  46 0011 09       		.byte	9
  47 0012 01       		.byte	1
  48 0013 40       		.byte	64
  49 0014 01       		.byte	1
  50 0015 15       		.byte	21
  51 0016 01       		.byte	1
  52 0017 40       		.byte	64
  53 0018 6E       		.byte	110
  54 0019 18       		.byte	24
  55 001a 01       		.byte	1
  56 001b 40       		.byte	64
  57 001c 39       		.byte	57
ARM GAS  C:\Users\Ryan\AppData\Local\Temp\ccMNixdp.s 			page 2


  58 001d 19       		.byte	25
  59 001e 01       		.byte	1
  60 001f 40       		.byte	64
  61 0020 61       		.byte	97
  62 0021 1A       		.byte	26
  63 0022 01       		.byte	1
  64 0023 40       		.byte	64
  65 0024 49       		.byte	73
  66 0025 1B       		.byte	27
  67 0026 01       		.byte	1
  68 0027 40       		.byte	64
  69 0028 02       		.byte	2
  70 0029 44       		.byte	68
  71 002a 01       		.byte	1
  72 002b 40       		.byte	64
  73 002c 01       		.byte	1
  74 002d 45       		.byte	69
  75 002e 01       		.byte	1
  76 002f 40       		.byte	64
  77 0030 03       		.byte	3
  78 0031 46       		.byte	70
  79 0032 01       		.byte	1
  80 0033 40       		.byte	64
  81 0034 03       		.byte	3
  82 0035 47       		.byte	71
  83 0036 01       		.byte	1
  84 0037 40       		.byte	64
  85 0038 02       		.byte	2
  86 0039 48       		.byte	72
  87 003a 01       		.byte	1
  88 003b 40       		.byte	64
  89 003c 01       		.byte	1
  90 003d 49       		.byte	73
  91 003e 01       		.byte	1
  92 003f 40       		.byte	64
  93 0040 01       		.byte	1
  94 0041 4C       		.byte	76
  95 0042 01       		.byte	1
  96 0043 40       		.byte	64
  97 0044 0A       		.byte	10
  98 0045 4D       		.byte	77
  99 0046 01       		.byte	1
 100 0047 40       		.byte	64
 101 0048 02       		.byte	2
 102 0049 50       		.byte	80
 103 004a 01       		.byte	1
 104 004b 40       		.byte	64
 105 004c 88       		.byte	-120
 106 004d 0F       		.byte	15
 107 004e 8A       		.byte	-118
 108 004f 72       		.byte	114
 109 0050 8B       		.byte	-117
 110 0051 38       		.byte	56
 111 0052 B9       		.byte	-71
 112 0053 80       		.byte	-128
 113 0054 BF       		.byte	-65
 114 0055 40       		.byte	64
ARM GAS  C:\Users\Ryan\AppData\Local\Temp\ccMNixdp.s 			page 3


 115 0056 D9       		.byte	-39
 116 0057 04       		.byte	4
 117 0058 DF       		.byte	-33
 118 0059 01       		.byte	1
 119 005a 24       		.byte	36
 120 005b 01       		.byte	1
 121 005c B4       		.byte	-76
 122 005d 01       		.byte	1
 123 005e EC       		.byte	-20
 124 005f 10       		.byte	16
 125 0060 EC       		.byte	-20
 126 0061 10       		.byte	16
 127 0062 00       		.byte	0
 128 0063 DC       		.byte	-36
 129 0064 01       		.byte	1
 130 0065 80       		.byte	-128
 131 0066 02       		.byte	2
 132 0067 22       		.byte	34
 133 0068 04       		.byte	4
 134 0069 09       		.byte	9
 135 006a 06       		.byte	6
 136 006b D0       		.byte	-48
 137 006c 07       		.byte	7
 138 006d 55       		.byte	85
 139 006e 09       		.byte	9
 140 006f 03       		.byte	3
 141 0070 0B       		.byte	11
 142 0071 44       		.byte	68
 143 0072 0C       		.byte	12
 144 0073 10       		.byte	16
 145 0074 0E       		.byte	14
 146 0075 AC       		.byte	-84
 147 0076 11       		.byte	17
 148 0077 2A       		.byte	42
 149 0078 13       		.byte	19
 150 0079 44       		.byte	68
 151 007a 16       		.byte	22
 152 007b 03       		.byte	3
 153 007c 18       		.byte	24
 154 007d 14       		.byte	20
 155 007e 1D       		.byte	29
 156 007f 73       		.byte	115
 157 0080 1F       		.byte	31
 158 0081 0C       		.byte	12
 159 0082 20       		.byte	32
 160 0083 0C       		.byte	12
 161 0084 21       		.byte	33
 162 0085 73       		.byte	115
 163 0086 22       		.byte	34
 164 0087 71       		.byte	113
 165 0088 23       		.byte	35
 166 0089 04       		.byte	4
 167 008a 24       		.byte	36
 168 008b 10       		.byte	16
 169 008c 26       		.byte	38
 170 008d 40       		.byte	64
 171 008e 2A       		.byte	42
ARM GAS  C:\Users\Ryan\AppData\Local\Temp\ccMNixdp.s 			page 4


 172 008f 20       		.byte	32
 173 0090 2B       		.byte	43
 174 0091 08       		.byte	8
 175 0092 31       		.byte	49
 176 0093 40       		.byte	64
 177 0094 32       		.byte	50
 178 0095 1F       		.byte	31
 179 0096 33       		.byte	51
 180 0097 30       		.byte	48
 181 0098 35       		.byte	53
 182 0099 80       		.byte	-128
 183 009a 36       		.byte	54
 184 009b E0       		.byte	-32
 185 009c 37       		.byte	55
 186 009d 0F       		.byte	15
 187 009e 39       		.byte	57
 188 009f 08       		.byte	8
 189 00a0 3A       		.byte	58
 190 00a1 80       		.byte	-128
 191 00a2 3B       		.byte	59
 192 00a3 80       		.byte	-128
 193 00a4 3F       		.byte	63
 194 00a5 15       		.byte	21
 195 00a6 40       		.byte	64
 196 00a7 12       		.byte	18
 197 00a8 41       		.byte	65
 198 00a9 04       		.byte	4
 199 00aa 45       		.byte	69
 200 00ab 0B       		.byte	11
 201 00ac 46       		.byte	70
 202 00ad C0       		.byte	-64
 203 00ae 47       		.byte	71
 204 00af E0       		.byte	-32
 205 00b0 48       		.byte	72
 206 00b1 29       		.byte	41
 207 00b2 49       		.byte	73
 208 00b3 FF       		.byte	-1
 209 00b4 4A       		.byte	74
 210 00b5 FF       		.byte	-1
 211 00b6 4B       		.byte	75
 212 00b7 FF       		.byte	-1
 213 00b8 4E       		.byte	78
 214 00b9 F0       		.byte	-16
 215 00ba 4F       		.byte	79
 216 00bb 44       		.byte	68
 217 00bc 50       		.byte	80
 218 00bd 0C       		.byte	12
 219 00be 54       		.byte	84
 220 00bf 01       		.byte	1
 221 00c0 58       		.byte	88
 222 00c1 04       		.byte	4
 223 00c2 59       		.byte	89
 224 00c3 04       		.byte	4
 225 00c4 5A       		.byte	90
 226 00c5 04       		.byte	4
 227 00c6 5B       		.byte	91
 228 00c7 04       		.byte	4
ARM GAS  C:\Users\Ryan\AppData\Local\Temp\ccMNixdp.s 			page 5


 229 00c8 5C       		.byte	92
 230 00c9 11       		.byte	17
 231 00ca 5D       		.byte	93
 232 00cb 11       		.byte	17
 233 00cc 5F       		.byte	95
 234 00cd 01       		.byte	1
 235 00ce 66       		.byte	102
 236 00cf C0       		.byte	-64
 237 00d0 6A       		.byte	106
 238 00d1 40       		.byte	64
 239 00d2 6B       		.byte	107
 240 00d3 02       		.byte	2
 241 00d4 80       		.byte	-128
 242 00d5 11       		.byte	17
 243 00d6 81       		.byte	-127
 244 00d7 01       		.byte	1
 245 00d8 82       		.byte	-126
 246 00d9 0E       		.byte	14
 247 00da 83       		.byte	-125
 248 00db 06       		.byte	6
 249 00dc 85       		.byte	-123
 250 00dd 02       		.byte	2
 251 00de 86       		.byte	-122
 252 00df 08       		.byte	8
 253 00e0 87       		.byte	-121
 254 00e1 09       		.byte	9
 255 00e2 89       		.byte	-119
 256 00e3 17       		.byte	23
 257 00e4 8A       		.byte	-118
 258 00e5 0C       		.byte	12
 259 00e6 8C       		.byte	-116
 260 00e7 0C       		.byte	12
 261 00e8 8E       		.byte	-114
 262 00e9 13       		.byte	19
 263 00ea 90       		.byte	-112
 264 00eb 40       		.byte	64
 265 00ec 92       		.byte	-110
 266 00ed 80       		.byte	-128
 267 00ee 94       		.byte	-108
 268 00ef C0       		.byte	-64
 269 00f0 98       		.byte	-104
 270 00f1 20       		.byte	32
 271 00f2 99       		.byte	-103
 272 00f3 17       		.byte	23
 273 00f4 9A       		.byte	-102
 274 00f5 03       		.byte	3
 275 00f6 9D       		.byte	-99
 276 00f7 10       		.byte	16
 277 00f8 A0       		.byte	-96
 278 00f9 11       		.byte	17
 279 00fa A2       		.byte	-94
 280 00fb 06       		.byte	6
 281 00fc A4       		.byte	-92
 282 00fd C0       		.byte	-64
 283 00fe A8       		.byte	-88
 284 00ff 80       		.byte	-128
 285 0100 A9       		.byte	-87
ARM GAS  C:\Users\Ryan\AppData\Local\Temp\ccMNixdp.s 			page 6


 286 0101 04       		.byte	4
 287 0102 AA       		.byte	-86
 288 0103 40       		.byte	64
 289 0104 AB       		.byte	-85
 290 0105 01       		.byte	1
 291 0106 B0       		.byte	-80
 292 0107 0F       		.byte	15
 293 0108 B1       		.byte	-79
 294 0109 07       		.byte	7
 295 010a B2       		.byte	-78
 296 010b 30       		.byte	48
 297 010c B3       		.byte	-77
 298 010d 10       		.byte	16
 299 010e B4       		.byte	-76
 300 010f C0       		.byte	-64
 301 0110 B5       		.byte	-75
 302 0111 08       		.byte	8
 303 0112 B8       		.byte	-72
 304 0113 08       		.byte	8
 305 0114 BA       		.byte	-70
 306 0115 02       		.byte	2
 307 0116 C0       		.byte	-64
 308 0117 03       		.byte	3
 309 0118 C6       		.byte	-58
 310 0119 40       		.byte	64
 311 011a C9       		.byte	-55
 312 011b FF       		.byte	-1
 313 011c CA       		.byte	-54
 314 011d 07       		.byte	7
 315 011e CB       		.byte	-53
 316 011f FF       		.byte	-1
 317 0120 CC       		.byte	-52
 318 0121 40       		.byte	64
 319 0122 CD       		.byte	-51
 320 0123 20       		.byte	32
 321 0124 CE       		.byte	-50
 322 0125 F0       		.byte	-16
 323 0126 CF       		.byte	-49
 324 0127 05       		.byte	5
 325 0128 D0       		.byte	-48
 326 0129 08       		.byte	8
 327 012a D8       		.byte	-40
 328 012b 04       		.byte	4
 329 012c D9       		.byte	-39
 330 012d 04       		.byte	4
 331 012e DA       		.byte	-38
 332 012f 04       		.byte	4
 333 0130 DC       		.byte	-36
 334 0131 11       		.byte	17
 335 0132 DD       		.byte	-35
 336 0133 01       		.byte	1
 337 0134 DF       		.byte	-33
 338 0135 01       		.byte	1
 339 0136 E0       		.byte	-32
 340 0137 40       		.byte	64
 341 0138 E1       		.byte	-31
 342 0139 A8       		.byte	-88
ARM GAS  C:\Users\Ryan\AppData\Local\Temp\ccMNixdp.s 			page 7


 343 013a E2       		.byte	-30
 344 013b 40       		.byte	64
 345 013c E3       		.byte	-29
 346 013d 20       		.byte	32
 347 013e 00       		.byte	0
 348 013f 40       		.byte	64
 349 0140 02       		.byte	2
 350 0141 10       		.byte	16
 351 0142 03       		.byte	3
 352 0143 88       		.byte	-120
 353 0144 05       		.byte	5
 354 0145 26       		.byte	38
 355 0146 06       		.byte	6
 356 0147 04       		.byte	4
 357 0148 07       		.byte	7
 358 0149 01       		.byte	1
 359 014a 0B       		.byte	11
 360 014b 94       		.byte	-108
 361 014c 0E       		.byte	14
 362 014d 10       		.byte	16
 363 014e 0F       		.byte	15
 364 014f 08       		.byte	8
 365 0150 10       		.byte	16
 366 0151 10       		.byte	16
 367 0152 12       		.byte	18
 368 0153 84       		.byte	-124
 369 0154 14       		.byte	20
 370 0155 40       		.byte	64
 371 0156 16       		.byte	22
 372 0157 18       		.byte	24
 373 0158 18       		.byte	24
 374 0159 40       		.byte	64
 375 015a 19       		.byte	25
 376 015b 26       		.byte	38
 377 015c 1B       		.byte	27
 378 015d 08       		.byte	8
 379 015e 1E       		.byte	30
 380 015f 10       		.byte	16
 381 0160 1F       		.byte	31
 382 0161 80       		.byte	-128
 383 0162 20       		.byte	32
 384 0163 80       		.byte	-128
 385 0164 21       		.byte	33
 386 0165 01       		.byte	1
 387 0166 22       		.byte	34
 388 0167 10       		.byte	16
 389 0168 23       		.byte	35
 390 0169 20       		.byte	32
 391 016a 25       		.byte	37
 392 016b 48       		.byte	72
 393 016c 26       		.byte	38
 394 016d 80       		.byte	-128
 395 016e 27       		.byte	39
 396 016f 89       		.byte	-119
 397 0170 29       		.byte	41
 398 0171 20       		.byte	32
 399 0172 2C       		.byte	44
ARM GAS  C:\Users\Ryan\AppData\Local\Temp\ccMNixdp.s 			page 8


 400 0173 40       		.byte	64
 401 0174 2F       		.byte	47
 402 0175 88       		.byte	-120
 403 0176 30       		.byte	48
 404 0177 10       		.byte	16
 405 0178 32       		.byte	50
 406 0179 40       		.byte	64
 407 017a 33       		.byte	51
 408 017b 10       		.byte	16
 409 017c 35       		.byte	53
 410 017d 02       		.byte	2
 411 017e 36       		.byte	54
 412 017f 80       		.byte	-128
 413 0180 39       		.byte	57
 414 0181 2A       		.byte	42
 415 0182 3B       		.byte	59
 416 0183 10       		.byte	16
 417 0184 3D       		.byte	61
 418 0185 11       		.byte	17
 419 0186 3E       		.byte	62
 420 0187 0A       		.byte	10
 421 0188 3F       		.byte	63
 422 0189 24       		.byte	36
 423 018a 41       		.byte	65
 424 018b 08       		.byte	8
 425 018c 44       		.byte	68
 426 018d 40       		.byte	64
 427 018e 45       		.byte	69
 428 018f 40       		.byte	64
 429 0190 46       		.byte	70
 430 0191 08       		.byte	8
 431 0192 4B       		.byte	75
 432 0193 04       		.byte	4
 433 0194 4F       		.byte	79
 434 0195 08       		.byte	8
 435 0196 52       		.byte	82
 436 0197 10       		.byte	16
 437 0198 56       		.byte	86
 438 0199 02       		.byte	2
 439 019a 57       		.byte	87
 440 019b 10       		.byte	16
 441 019c 5D       		.byte	93
 442 019d 11       		.byte	17
 443 019e 5F       		.byte	95
 444 019f 88       		.byte	-120
 445 01a0 C0       		.byte	-64
 446 01a1 BF       		.byte	-65
 447 01a2 C2       		.byte	-62
 448 01a3 6E       		.byte	110
 449 01a4 C4       		.byte	-60
 450 01a5 7E       		.byte	126
 451 01a6 CA       		.byte	-54
 452 01a7 A4       		.byte	-92
 453 01a8 CC       		.byte	-52
 454 01a9 9C       		.byte	-100
 455 01aa CE       		.byte	-50
 456 01ab E7       		.byte	-25
ARM GAS  C:\Users\Ryan\AppData\Local\Temp\ccMNixdp.s 			page 9


 457 01ac D0       		.byte	-48
 458 01ad B2       		.byte	-78
 459 01ae D6       		.byte	-42
 460 01af F0       		.byte	-16
 461 01b0 00       		.byte	0
 462 01b1 33       		.byte	51
 463 01b2 01       		.byte	1
 464 01b3 3C       		.byte	60
 465 01b4 02       		.byte	2
 466 01b5 0C       		.byte	12
 467 01b6 03       		.byte	3
 468 01b7 C2       		.byte	-62
 469 01b8 04       		.byte	4
 470 01b9 1C       		.byte	28
 471 01ba 05       		.byte	5
 472 01bb 08       		.byte	8
 473 01bc 06       		.byte	6
 474 01bd 23       		.byte	35
 475 01be 08       		.byte	8
 476 01bf 02       		.byte	2
 477 01c0 09       		.byte	9
 478 01c1 18       		.byte	24
 479 01c2 0A       		.byte	10
 480 01c3 80       		.byte	-128
 481 01c4 0C       		.byte	12
 482 01c5 03       		.byte	3
 483 01c6 0D       		.byte	13
 484 01c7 44       		.byte	68
 485 01c8 0E       		.byte	14
 486 01c9 40       		.byte	64
 487 01ca 11       		.byte	17
 488 01cb 1C       		.byte	28
 489 01cc 12       		.byte	18
 490 01cd 23       		.byte	35
 491 01ce 13       		.byte	19
 492 01cf E1       		.byte	-31
 493 01d0 14       		.byte	20
 494 01d1 3F       		.byte	63
 495 01d2 15       		.byte	21
 496 01d3 FF       		.byte	-1
 497 01d4 1B       		.byte	27
 498 01d5 04       		.byte	4
 499 01d6 1C       		.byte	28
 500 01d7 1F       		.byte	31
 501 01d8 1D       		.byte	29
 502 01d9 10       		.byte	16
 503 01da 1E       		.byte	30
 504 01db 20       		.byte	32
 505 01dc 20       		.byte	32
 506 01dd 08       		.byte	8
 507 01de 21       		.byte	33
 508 01df E7       		.byte	-25
 509 01e0 23       		.byte	35
 510 01e1 18       		.byte	24
 511 01e2 24       		.byte	36
 512 01e3 04       		.byte	4
 513 01e4 27       		.byte	39
ARM GAS  C:\Users\Ryan\AppData\Local\Temp\ccMNixdp.s 			page 10


 514 01e5 E3       		.byte	-29
 515 01e6 28       		.byte	40
 516 01e7 0C       		.byte	12
 517 01e8 29       		.byte	41
 518 01e9 80       		.byte	-128
 519 01ea 2C       		.byte	44
 520 01eb 01       		.byte	1
 521 01ec 2D       		.byte	45
 522 01ed C0       		.byte	-64
 523 01ee 2E       		.byte	46
 524 01ef 80       		.byte	-128
 525 01f0 30       		.byte	48
 526 01f1 10       		.byte	16
 527 01f2 31       		.byte	49
 528 01f3 38       		.byte	56
 529 01f4 32       		.byte	50
 530 01f5 0F       		.byte	15
 531 01f6 34       		.byte	52
 532 01f7 C0       		.byte	-64
 533 01f8 35       		.byte	53
 534 01f9 1F       		.byte	31
 535 01fa 36       		.byte	54
 536 01fb 2C       		.byte	44
 537 01fc 37       		.byte	55
 538 01fd C0       		.byte	-64
 539 01fe 3A       		.byte	58
 540 01ff 88       		.byte	-120
 541 0200 3B       		.byte	59
 542 0201 28       		.byte	40
 543 0202 3E       		.byte	62
 544 0203 11       		.byte	17
 545 0204 56       		.byte	86
 546 0205 02       		.byte	2
 547 0206 57       		.byte	87
 548 0207 13       		.byte	19
 549 0208 58       		.byte	88
 550 0209 04       		.byte	4
 551 020a 59       		.byte	89
 552 020b 04       		.byte	4
 553 020c 5B       		.byte	91
 554 020d 04       		.byte	4
 555 020e 5C       		.byte	92
 556 020f 11       		.byte	17
 557 0210 5D       		.byte	93
 558 0211 10       		.byte	16
 559 0212 5F       		.byte	95
 560 0213 01       		.byte	1
 561 0214 80       		.byte	-128
 562 0215 01       		.byte	1
 563 0216 89       		.byte	-119
 564 0217 01       		.byte	1
 565 0218 8A       		.byte	-118
 566 0219 02       		.byte	2
 567 021a 92       		.byte	-110
 568 021b 01       		.byte	1
 569 021c 94       		.byte	-108
 570 021d 01       		.byte	1
ARM GAS  C:\Users\Ryan\AppData\Local\Temp\ccMNixdp.s 			page 11


 571 021e 9A       		.byte	-102
 572 021f 02       		.byte	2
 573 0220 A2       		.byte	-94
 574 0221 01       		.byte	1
 575 0222 A6       		.byte	-90
 576 0223 04       		.byte	4
 577 0224 AE       		.byte	-82
 578 0225 04       		.byte	4
 579 0226 B1       		.byte	-79
 580 0227 01       		.byte	1
 581 0228 B2       		.byte	-78
 582 0229 02       		.byte	2
 583 022a B4       		.byte	-76
 584 022b 01       		.byte	1
 585 022c B6       		.byte	-74
 586 022d 04       		.byte	4
 587 022e B8       		.byte	-72
 588 022f 20       		.byte	32
 589 0230 BE       		.byte	-66
 590 0231 44       		.byte	68
 591 0232 BF       		.byte	-65
 592 0233 01       		.byte	1
 593 0234 C0       		.byte	-64
 594 0235 42       		.byte	66
 595 0236 C1       		.byte	-63
 596 0237 03       		.byte	3
 597 0238 C2       		.byte	-62
 598 0239 01       		.byte	1
 599 023a C4       		.byte	-60
 600 023b 06       		.byte	6
 601 023c C6       		.byte	-58
 602 023d C0       		.byte	-64
 603 023e C7       		.byte	-57
 604 023f 0E       		.byte	14
 605 0240 C8       		.byte	-56
 606 0241 18       		.byte	24
 607 0242 C9       		.byte	-55
 608 0243 FF       		.byte	-1
 609 0244 CA       		.byte	-54
 610 0245 FF       		.byte	-1
 611 0246 CB       		.byte	-53
 612 0247 FF       		.byte	-1
 613 0248 CC       		.byte	-52
 614 0249 62       		.byte	98
 615 024a CD       		.byte	-51
 616 024b A0       		.byte	-96
 617 024c CE       		.byte	-50
 618 024d F0       		.byte	-16
 619 024e CF       		.byte	-49
 620 024f 41       		.byte	65
 621 0250 D0       		.byte	-48
 622 0251 0C       		.byte	12
 623 0252 D4       		.byte	-44
 624 0253 18       		.byte	24
 625 0254 D8       		.byte	-40
 626 0255 04       		.byte	4
 627 0256 D9       		.byte	-39
ARM GAS  C:\Users\Ryan\AppData\Local\Temp\ccMNixdp.s 			page 12


 628 0257 04       		.byte	4
 629 0258 DA       		.byte	-38
 630 0259 04       		.byte	4
 631 025a DB       		.byte	-37
 632 025b 04       		.byte	4
 633 025c DC       		.byte	-36
 634 025d 01       		.byte	1
 635 025e DD       		.byte	-35
 636 025f 11       		.byte	17
 637 0260 DF       		.byte	-33
 638 0261 01       		.byte	1
 639 0262 E6       		.byte	-26
 640 0263 40       		.byte	64
 641 0264 E7       		.byte	-25
 642 0265 02       		.byte	2
 643 0266 E9       		.byte	-23
 644 0267 10       		.byte	16
 645 0268 EA       		.byte	-22
 646 0269 30       		.byte	48
 647 026a EB       		.byte	-21
 648 026b 10       		.byte	16
 649 026c ED       		.byte	-19
 650 026d 10       		.byte	16
 651 026e EE       		.byte	-18
 652 026f 10       		.byte	16
 653 0270 EF       		.byte	-17
 654 0271 12       		.byte	18
 655 0272 00       		.byte	0
 656 0273 88       		.byte	-120
 657 0274 01       		.byte	1
 658 0275 A0       		.byte	-96
 659 0276 02       		.byte	2
 660 0277 40       		.byte	64
 661 0278 03       		.byte	3
 662 0279 40       		.byte	64
 663 027a 05       		.byte	5
 664 027b 02       		.byte	2
 665 027c 06       		.byte	6
 666 027d 08       		.byte	8
 667 027e 07       		.byte	7
 668 027f 40       		.byte	64
 669 0280 09       		.byte	9
 670 0281 0A       		.byte	10
 671 0282 0A       		.byte	10
 672 0283 02       		.byte	2
 673 0284 0D       		.byte	13
 674 0285 08       		.byte	8
 675 0286 0E       		.byte	14
 676 0287 04       		.byte	4
 677 0288 0F       		.byte	15
 678 0289 80       		.byte	-128
 679 028a 10       		.byte	16
 680 028b 82       		.byte	-126
 681 028c 13       		.byte	19
 682 028d 14       		.byte	20
 683 028e 15       		.byte	21
 684 028f 02       		.byte	2
ARM GAS  C:\Users\Ryan\AppData\Local\Temp\ccMNixdp.s 			page 13


 685 0290 16       		.byte	22
 686 0291 20       		.byte	32
 687 0292 17       		.byte	23
 688 0293 80       		.byte	-128
 689 0294 19       		.byte	25
 690 0295 01       		.byte	1
 691 0296 1A       		.byte	26
 692 0297 02       		.byte	2
 693 0298 1B       		.byte	27
 694 0299 58       		.byte	88
 695 029a 1D       		.byte	29
 696 029b 40       		.byte	64
 697 029c 1E       		.byte	30
 698 029d 04       		.byte	4
 699 029e 1F       		.byte	31
 700 029f 04       		.byte	4
 701 02a0 20       		.byte	32
 702 02a1 08       		.byte	8
 703 02a2 21       		.byte	33
 704 02a3 08       		.byte	8
 705 02a4 23       		.byte	35
 706 02a5 81       		.byte	-127
 707 02a6 25       		.byte	37
 708 02a7 01       		.byte	1
 709 02a8 29       		.byte	41
 710 02a9 A2       		.byte	-94
 711 02aa 2A       		.byte	42
 712 02ab 04       		.byte	4
 713 02ac 30       		.byte	48
 714 02ad 80       		.byte	-128
 715 02ae 31       		.byte	49
 716 02af 08       		.byte	8
 717 02b0 32       		.byte	50
 718 02b1 11       		.byte	17
 719 02b2 39       		.byte	57
 720 02b3 02       		.byte	2
 721 02b4 3B       		.byte	59
 722 02b5 94       		.byte	-108
 723 02b6 3E       		.byte	62
 724 02b7 10       		.byte	16
 725 02b8 45       		.byte	69
 726 02b9 08       		.byte	8
 727 02ba 46       		.byte	70
 728 02bb 44       		.byte	68
 729 02bc 47       		.byte	71
 730 02bd A0       		.byte	-96
 731 02be 4F       		.byte	79
 732 02bf 20       		.byte	32
 733 02c0 56       		.byte	86
 734 02c1 28       		.byte	40
 735 02c2 59       		.byte	89
 736 02c3 01       		.byte	1
 737 02c4 5F       		.byte	95
 738 02c5 01       		.byte	1
 739 02c6 65       		.byte	101
 740 02c7 40       		.byte	64
 741 02c8 67       		.byte	103
ARM GAS  C:\Users\Ryan\AppData\Local\Temp\ccMNixdp.s 			page 14


 742 02c9 08       		.byte	8
 743 02ca 69       		.byte	105
 744 02cb 20       		.byte	32
 745 02cc 6A       		.byte	106
 746 02cd 80       		.byte	-128
 747 02ce 6B       		.byte	107
 748 02cf 10       		.byte	16
 749 02d0 70       		.byte	112
 750 02d1 80       		.byte	-128
 751 02d2 73       		.byte	115
 752 02d3 14       		.byte	20
 753 02d4 83       		.byte	-125
 754 02d5 48       		.byte	72
 755 02d6 88       		.byte	-120
 756 02d7 06       		.byte	6
 757 02d8 89       		.byte	-119
 758 02d9 07       		.byte	7
 759 02da 8B       		.byte	-117
 760 02db 60       		.byte	96
 761 02dc 8D       		.byte	-115
 762 02dd 01       		.byte	1
 763 02de 92       		.byte	-110
 764 02df 30       		.byte	48
 765 02e0 95       		.byte	-107
 766 02e1 28       		.byte	40
 767 02e2 96       		.byte	-106
 768 02e3 80       		.byte	-128
 769 02e4 97       		.byte	-105
 770 02e5 80       		.byte	-128
 771 02e6 99       		.byte	-103
 772 02e7 20       		.byte	32
 773 02e8 9B       		.byte	-101
 774 02e9 20       		.byte	32
 775 02ea 9F       		.byte	-97
 776 02eb 10       		.byte	16
 777 02ec A0       		.byte	-96
 778 02ed 40       		.byte	64
 779 02ee C0       		.byte	-64
 780 02ef 5F       		.byte	95
 781 02f0 C2       		.byte	-62
 782 02f1 7D       		.byte	125
 783 02f2 C4       		.byte	-60
 784 02f3 BF       		.byte	-65
 785 02f4 CA       		.byte	-54
 786 02f5 0F       		.byte	15
 787 02f6 CC       		.byte	-52
 788 02f7 0F       		.byte	15
 789 02f8 CE       		.byte	-50
 790 02f9 2F       		.byte	47
 791 02fa D0       		.byte	-48
 792 02fb F0       		.byte	-16
 793 02fc D2       		.byte	-46
 794 02fd 20       		.byte	32
 795 02fe D6       		.byte	-42
 796 02ff 81       		.byte	-127
 797 0300 D8       		.byte	-40
 798 0301 30       		.byte	48
ARM GAS  C:\Users\Ryan\AppData\Local\Temp\ccMNixdp.s 			page 15


 799 0302 EC       		.byte	-20
 800 0303 10       		.byte	16
 801 0304 7C       		.byte	124
 802 0305 01       		.byte	1
 803 0306 DE       		.byte	-34
 804 0307 01       		.byte	1
 805 0308 94       		.byte	-108
 806 0309 01       		.byte	1
 807 030a 45       		.byte	69
 808 030b 08       		.byte	8
 809 030c 94       		.byte	-108
 810 030d 01       		.byte	1
 811 030e D0       		.byte	-48
 812 030f 01       		.byte	1
 813 0310 A5       		.byte	-91
 814 0311 08       		.byte	8
 815 0312 B4       		.byte	-76
 816 0313 01       		.byte	1
 817 0314 EC       		.byte	-20
 818 0315 08       		.byte	8
 819 0316 25       		.byte	37
 820 0317 10       		.byte	16
 821 0318 C8       		.byte	-56
 822 0319 20       		.byte	32
 823 031a B5       		.byte	-75
 824 031b 10       		.byte	16
 825 031c A5       		.byte	-91
 826 031d 08       		.byte	8
 827 031e 10       		.byte	16
 828 031f 80       		.byte	-128
 829 0320 75       		.byte	117
 830 0321 04       		.byte	4
 831 0322 88       		.byte	-120
 832 0323 80       		.byte	-128
 833 0324 8D       		.byte	-115
 834 0325 04       		.byte	4
 835 0326 B5       		.byte	-75
 836 0327 08       		.byte	8
 837 0328 C4       		.byte	-60
 838 0329 08       		.byte	8
 839 032a DE       		.byte	-34
 840 032b 04       		.byte	4
 841 032c E0       		.byte	-32
 842 032d 08       		.byte	8
 843 032e E6       		.byte	-26
 844 032f 01       		.byte	1
 845 0330 EC       		.byte	-20
 846 0331 08       		.byte	8
 847 0332 10       		.byte	16
 848 0333 02       		.byte	2
 849 0334 1C       		.byte	28
 850 0335 02       		.byte	2
 851 0336 00       		.byte	0
 852 0337 00       		.byte	0
 853 0338 80       		.byte	-128
 854 0339 80       		.byte	-128
 855 033a 00       		.byte	0
ARM GAS  C:\Users\Ryan\AppData\Local\Temp\ccMNixdp.s 			page 16


 856 033b 00       		.byte	0
 857 033c 40       		.byte	64
 858 033d 00       		.byte	0
 859 033e 00       		.byte	0
 860 033f 00       		.byte	0
 861 0340 00       		.byte	0
 862 0341 00       		.byte	0
 863 0342 00       		.byte	0
 864 0343 00       		.byte	0
 865 0344 00       		.byte	0
 866 0345 00       		.byte	0
 867 0346 77       		.byte	119
 868 0347 00       		.byte	0
 869 0348 80       		.byte	-128
 870 0349 00       		.byte	0
 871 034a 40       		.byte	64
 872 034b 80       		.byte	-128
 873 034c 80       		.byte	-128
 874 034d 00       		.byte	0
 875 034e 80       		.byte	-128
 876 034f 00       		.byte	0
 877 0350 00       		.byte	0
 878 0351 00       		.byte	0
 879 0352 00       		.byte	0
 880 0353 00       		.byte	0
 881 0354 00       		.byte	0
 882 0355 0B       		.byte	11
 883 0356 0B       		.byte	11
 884 0357 00       		.byte	0
 885 0358 00       		.byte	0
 886 0359 00       		.byte	0
 887 035a 00       		.byte	0
 888 035b 00       		.byte	0
 889 035c 00       		.byte	0
 890 035d 7F       		.byte	127
 891 035e 7F       		.byte	127
 892 035f 00       		.byte	0
 893 0360 00       		.byte	0
 894 0361 00       		.byte	0
 895 0362 00       		.byte	0
 896 0363 00       		.byte	0
 897 0364 B6       		.byte	-74
 898 0365 00       		.byte	0
 899 0366 18       		.byte	24
 900 0367 01       		.byte	1
 901              		.section	.cywolatch,"a",%progbits
 902              		.align	2
 903              		.type	cy_meta_wonvl, %object
 904              		.size	cy_meta_wonvl, 4
 905              	cy_meta_wonvl:
 906 0000 BC       		.byte	-68
 907 0001 90       		.byte	-112
 908 0002 AC       		.byte	-84
 909 0003 AF       		.byte	-81
 910              		.section	.cycustnvl,"a",%progbits
 911              		.align	2
 912              		.type	cy_meta_custnvl, %object
ARM GAS  C:\Users\Ryan\AppData\Local\Temp\ccMNixdp.s 			page 17


 913              		.size	cy_meta_custnvl, 4
 914              	cy_meta_custnvl:
 915 0000 00       		.byte	0
 916 0001 00       		.byte	0
 917 0002 40       		.byte	64
 918 0003 05       		.byte	5
 919              		.section	.cymeta,"a",%progbits
 920              		.align	2
 921              		.type	cy_metadata, %object
 922              		.size	cy_metadata, 12
 923              	cy_metadata:
 924 0000 00       		.byte	0
 925 0001 01       		.byte	1
 926 0002 2E       		.byte	46
 927 0003 16       		.byte	22
 928 0004 10       		.byte	16
 929 0005 69       		.byte	105
 930 0006 00       		.byte	0
 931 0007 01       		.byte	1
 932 0008 00       		.byte	0
 933 0009 00       		.byte	0
 934 000a 00       		.byte	0
 935 000b 00       		.byte	0
 936              		.section	.cyflashprotect,"a",%progbits
 937              		.align	2
 938              		.type	cy_meta_flashprotect, %object
 939              		.size	cy_meta_flashprotect, 256
 940              	cy_meta_flashprotect:
 941 0000 00000000 		.space	256
 941      00000000 
 941      00000000 
 941      00000000 
 941      00000000 
 942              		.text
 943              	.Letext0:
 944              		.file 1 "c:\\program files (x86)\\cypress\\psoc creator\\4.2\\psoc creator\\import\\gnu\\arm\\5.4.
 945              		.file 2 "c:\\program files (x86)\\cypress\\psoc creator\\4.2\\psoc creator\\import\\gnu\\arm\\5.4.
 946              		.file 3 "Generated_Source\\PSoC5\\cymetadata.c"
 947              		.section	.debug_info,"",%progbits
 948              	.Ldebug_info0:
 949 0000 31010000 		.4byte	0x131
 950 0004 0400     		.2byte	0x4
 951 0006 00000000 		.4byte	.Ldebug_abbrev0
 952 000a 04       		.byte	0x4
 953 000b 01       		.uleb128 0x1
 954 000c 30000000 		.4byte	.LASF17
 955 0010 0C       		.byte	0xc
 956 0011 C1010000 		.4byte	.LASF18
 957 0015 7E010000 		.4byte	.LASF19
 958 0019 00000000 		.4byte	.Ldebug_line0
 959 001d 02       		.uleb128 0x2
 960 001e 01       		.byte	0x1
 961 001f 06       		.byte	0x6
 962 0020 16000000 		.4byte	.LASF0
 963 0024 03       		.uleb128 0x3
 964 0025 00000000 		.4byte	.LASF9
 965 0029 01       		.byte	0x1
ARM GAS  C:\Users\Ryan\AppData\Local\Temp\ccMNixdp.s 			page 18


 966 002a 1D       		.byte	0x1d
 967 002b 2F000000 		.4byte	0x2f
 968 002f 02       		.uleb128 0x2
 969 0030 01       		.byte	0x1
 970 0031 08       		.byte	0x8
 971 0032 22000000 		.4byte	.LASF1
 972 0036 02       		.uleb128 0x2
 973 0037 02       		.byte	0x2
 974 0038 05       		.byte	0x5
 975 0039 6B010000 		.4byte	.LASF2
 976 003d 02       		.uleb128 0x2
 977 003e 02       		.byte	0x2
 978 003f 07       		.byte	0x7
 979 0040 D0000000 		.4byte	.LASF3
 980 0044 02       		.uleb128 0x2
 981 0045 04       		.byte	0x4
 982 0046 05       		.byte	0x5
 983 0047 75010000 		.4byte	.LASF4
 984 004b 02       		.uleb128 0x2
 985 004c 04       		.byte	0x4
 986 004d 07       		.byte	0x7
 987 004e BE000000 		.4byte	.LASF5
 988 0052 02       		.uleb128 0x2
 989 0053 08       		.byte	0x8
 990 0054 05       		.byte	0x5
 991 0055 5D010000 		.4byte	.LASF6
 992 0059 02       		.uleb128 0x2
 993 005a 08       		.byte	0x8
 994 005b 07       		.byte	0x7
 995 005c 12010000 		.4byte	.LASF7
 996 0060 04       		.uleb128 0x4
 997 0061 04       		.byte	0x4
 998 0062 05       		.byte	0x5
 999 0063 696E7400 		.ascii	"int\000"
 1000 0067 02       		.uleb128 0x2
 1001 0068 04       		.byte	0x4
 1002 0069 07       		.byte	0x7
 1003 006a 05010000 		.4byte	.LASF8
 1004 006e 03       		.uleb128 0x3
 1005 006f 29010000 		.4byte	.LASF10
 1006 0073 02       		.byte	0x2
 1007 0074 18       		.byte	0x18
 1008 0075 24000000 		.4byte	0x24
 1009 0079 05       		.uleb128 0x5
 1010 007a 91000000 		.4byte	0x91
 1011 007e 8A000000 		.4byte	0x8a
 1012 0082 06       		.uleb128 0x6
 1013 0083 8A000000 		.4byte	0x8a
 1014 0087 6703     		.2byte	0x367
 1015 0089 00       		.byte	0
 1016 008a 02       		.uleb128 0x2
 1017 008b 04       		.byte	0x4
 1018 008c 07       		.byte	0x7
 1019 008d 54010000 		.4byte	.LASF11
 1020 0091 07       		.uleb128 0x7
 1021 0092 6E000000 		.4byte	0x6e
 1022 0096 08       		.uleb128 0x8
ARM GAS  C:\Users\Ryan\AppData\Local\Temp\ccMNixdp.s 			page 19


 1023 0097 F3000000 		.4byte	.LASF12
 1024 009b 03       		.byte	0x3
 1025 009c 1F       		.byte	0x1f
 1026 009d A7000000 		.4byte	0xa7
 1027 00a1 05       		.uleb128 0x5
 1028 00a2 03       		.byte	0x3
 1029 00a3 00000000 		.4byte	cy_meta_configecc
 1030 00a7 07       		.uleb128 0x7
 1031 00a8 79000000 		.4byte	0x79
 1032 00ac 05       		.uleb128 0x5
 1033 00ad 91000000 		.4byte	0x91
 1034 00b1 BC000000 		.4byte	0xbc
 1035 00b5 09       		.uleb128 0x9
 1036 00b6 8A000000 		.4byte	0x8a
 1037 00ba 03       		.byte	0x3
 1038 00bb 00       		.byte	0
 1039 00bc 08       		.uleb128 0x8
 1040 00bd E3000000 		.4byte	.LASF13
 1041 00c1 03       		.byte	0x3
 1042 00c2 99       		.byte	0x99
 1043 00c3 CD000000 		.4byte	0xcd
 1044 00c7 05       		.uleb128 0x5
 1045 00c8 03       		.byte	0x3
 1046 00c9 00000000 		.4byte	cy_meta_custnvl
 1047 00cd 07       		.uleb128 0x7
 1048 00ce AC000000 		.4byte	0xac
 1049 00d2 08       		.uleb128 0x8
 1050 00d3 46010000 		.4byte	.LASF14
 1051 00d7 03       		.byte	0x3
 1052 00d8 A7       		.byte	0xa7
 1053 00d9 E3000000 		.4byte	0xe3
 1054 00dd 05       		.uleb128 0x5
 1055 00de 03       		.byte	0x3
 1056 00df 00000000 		.4byte	cy_meta_wonvl
 1057 00e3 07       		.uleb128 0x7
 1058 00e4 AC000000 		.4byte	0xac
 1059 00e8 05       		.uleb128 0x5
 1060 00e9 91000000 		.4byte	0x91
 1061 00ed F8000000 		.4byte	0xf8
 1062 00f1 09       		.uleb128 0x9
 1063 00f2 8A000000 		.4byte	0x8a
 1064 00f6 FF       		.byte	0xff
 1065 00f7 00       		.byte	0
 1066 00f8 08       		.uleb128 0x8
 1067 00f9 31010000 		.4byte	.LASF15
 1068 00fd 03       		.byte	0x3
 1069 00fe B5       		.byte	0xb5
 1070 00ff 09010000 		.4byte	0x109
 1071 0103 05       		.uleb128 0x5
 1072 0104 03       		.byte	0x3
 1073 0105 00000000 		.4byte	cy_meta_flashprotect
 1074 0109 07       		.uleb128 0x7
 1075 010a E8000000 		.4byte	0xe8
 1076 010e 05       		.uleb128 0x5
 1077 010f 91000000 		.4byte	0x91
 1078 0113 1E010000 		.4byte	0x11e
 1079 0117 09       		.uleb128 0x9
ARM GAS  C:\Users\Ryan\AppData\Local\Temp\ccMNixdp.s 			page 20


 1080 0118 8A000000 		.4byte	0x8a
 1081 011c 0B       		.byte	0xb
 1082 011d 00       		.byte	0
 1083 011e 08       		.uleb128 0x8
 1084 011f 0A000000 		.4byte	.LASF16
 1085 0123 03       		.byte	0x3
 1086 0124 E2       		.byte	0xe2
 1087 0125 2F010000 		.4byte	0x12f
 1088 0129 05       		.uleb128 0x5
 1089 012a 03       		.byte	0x3
 1090 012b 00000000 		.4byte	cy_metadata
 1091 012f 07       		.uleb128 0x7
 1092 0130 0E010000 		.4byte	0x10e
 1093 0134 00       		.byte	0
 1094              		.section	.debug_abbrev,"",%progbits
 1095              	.Ldebug_abbrev0:
 1096 0000 01       		.uleb128 0x1
 1097 0001 11       		.uleb128 0x11
 1098 0002 01       		.byte	0x1
 1099 0003 25       		.uleb128 0x25
 1100 0004 0E       		.uleb128 0xe
 1101 0005 13       		.uleb128 0x13
 1102 0006 0B       		.uleb128 0xb
 1103 0007 03       		.uleb128 0x3
 1104 0008 0E       		.uleb128 0xe
 1105 0009 1B       		.uleb128 0x1b
 1106 000a 0E       		.uleb128 0xe
 1107 000b 10       		.uleb128 0x10
 1108 000c 17       		.uleb128 0x17
 1109 000d 00       		.byte	0
 1110 000e 00       		.byte	0
 1111 000f 02       		.uleb128 0x2
 1112 0010 24       		.uleb128 0x24
 1113 0011 00       		.byte	0
 1114 0012 0B       		.uleb128 0xb
 1115 0013 0B       		.uleb128 0xb
 1116 0014 3E       		.uleb128 0x3e
 1117 0015 0B       		.uleb128 0xb
 1118 0016 03       		.uleb128 0x3
 1119 0017 0E       		.uleb128 0xe
 1120 0018 00       		.byte	0
 1121 0019 00       		.byte	0
 1122 001a 03       		.uleb128 0x3
 1123 001b 16       		.uleb128 0x16
 1124 001c 00       		.byte	0
 1125 001d 03       		.uleb128 0x3
 1126 001e 0E       		.uleb128 0xe
 1127 001f 3A       		.uleb128 0x3a
 1128 0020 0B       		.uleb128 0xb
 1129 0021 3B       		.uleb128 0x3b
 1130 0022 0B       		.uleb128 0xb
 1131 0023 49       		.uleb128 0x49
 1132 0024 13       		.uleb128 0x13
 1133 0025 00       		.byte	0
 1134 0026 00       		.byte	0
 1135 0027 04       		.uleb128 0x4
 1136 0028 24       		.uleb128 0x24
ARM GAS  C:\Users\Ryan\AppData\Local\Temp\ccMNixdp.s 			page 21


 1137 0029 00       		.byte	0
 1138 002a 0B       		.uleb128 0xb
 1139 002b 0B       		.uleb128 0xb
 1140 002c 3E       		.uleb128 0x3e
 1141 002d 0B       		.uleb128 0xb
 1142 002e 03       		.uleb128 0x3
 1143 002f 08       		.uleb128 0x8
 1144 0030 00       		.byte	0
 1145 0031 00       		.byte	0
 1146 0032 05       		.uleb128 0x5
 1147 0033 01       		.uleb128 0x1
 1148 0034 01       		.byte	0x1
 1149 0035 49       		.uleb128 0x49
 1150 0036 13       		.uleb128 0x13
 1151 0037 01       		.uleb128 0x1
 1152 0038 13       		.uleb128 0x13
 1153 0039 00       		.byte	0
 1154 003a 00       		.byte	0
 1155 003b 06       		.uleb128 0x6
 1156 003c 21       		.uleb128 0x21
 1157 003d 00       		.byte	0
 1158 003e 49       		.uleb128 0x49
 1159 003f 13       		.uleb128 0x13
 1160 0040 2F       		.uleb128 0x2f
 1161 0041 05       		.uleb128 0x5
 1162 0042 00       		.byte	0
 1163 0043 00       		.byte	0
 1164 0044 07       		.uleb128 0x7
 1165 0045 26       		.uleb128 0x26
 1166 0046 00       		.byte	0
 1167 0047 49       		.uleb128 0x49
 1168 0048 13       		.uleb128 0x13
 1169 0049 00       		.byte	0
 1170 004a 00       		.byte	0
 1171 004b 08       		.uleb128 0x8
 1172 004c 34       		.uleb128 0x34
 1173 004d 00       		.byte	0
 1174 004e 03       		.uleb128 0x3
 1175 004f 0E       		.uleb128 0xe
 1176 0050 3A       		.uleb128 0x3a
 1177 0051 0B       		.uleb128 0xb
 1178 0052 3B       		.uleb128 0x3b
 1179 0053 0B       		.uleb128 0xb
 1180 0054 49       		.uleb128 0x49
 1181 0055 13       		.uleb128 0x13
 1182 0056 3F       		.uleb128 0x3f
 1183 0057 19       		.uleb128 0x19
 1184 0058 02       		.uleb128 0x2
 1185 0059 18       		.uleb128 0x18
 1186 005a 00       		.byte	0
 1187 005b 00       		.byte	0
 1188 005c 09       		.uleb128 0x9
 1189 005d 21       		.uleb128 0x21
 1190 005e 00       		.byte	0
 1191 005f 49       		.uleb128 0x49
 1192 0060 13       		.uleb128 0x13
 1193 0061 2F       		.uleb128 0x2f
ARM GAS  C:\Users\Ryan\AppData\Local\Temp\ccMNixdp.s 			page 22


 1194 0062 0B       		.uleb128 0xb
 1195 0063 00       		.byte	0
 1196 0064 00       		.byte	0
 1197 0065 00       		.byte	0
 1198              		.section	.debug_aranges,"",%progbits
 1199 0000 14000000 		.4byte	0x14
 1200 0004 0200     		.2byte	0x2
 1201 0006 00000000 		.4byte	.Ldebug_info0
 1202 000a 04       		.byte	0x4
 1203 000b 00       		.byte	0
 1204 000c 0000     		.2byte	0
 1205 000e 0000     		.2byte	0
 1206 0010 00000000 		.4byte	0
 1207 0014 00000000 		.4byte	0
 1208              		.section	.debug_line,"",%progbits
 1209              	.Ldebug_line0:
 1210 0000 3D010000 		.section	.debug_str,"MS",%progbits,1
 1210      02003701 
 1210      00000201 
 1210      FB0E0D00 
 1210      01010101 
 1211              	.LASF9:
 1212 0000 5F5F7569 		.ascii	"__uint8_t\000"
 1212      6E74385F 
 1212      7400
 1213              	.LASF16:
 1214 000a 63795F6D 		.ascii	"cy_metadata\000"
 1214      65746164 
 1214      61746100 
 1215              	.LASF0:
 1216 0016 7369676E 		.ascii	"signed char\000"
 1216      65642063 
 1216      68617200 
 1217              	.LASF1:
 1218 0022 756E7369 		.ascii	"unsigned char\000"
 1218      676E6564 
 1218      20636861 
 1218      7200
 1219              	.LASF17:
 1220 0030 474E5520 		.ascii	"GNU C11 5.4.1 20160609 (release) [ARM/embedded-5-br"
 1220      43313120 
 1220      352E342E 
 1220      31203230 
 1220      31363036 
 1221 0063 616E6368 		.ascii	"anch revision 237715] -mcpu=cortex-m3 -mthumb -g -O"
 1221      20726576 
 1221      6973696F 
 1221      6E203233 
 1221      37373135 
 1222 0096 67202D66 		.ascii	"g -ffunction-sections -ffat-lto-objects\000"
 1222      66756E63 
 1222      74696F6E 
 1222      2D736563 
 1222      74696F6E 
 1223              	.LASF5:
 1224 00be 6C6F6E67 		.ascii	"long unsigned int\000"
 1224      20756E73 
ARM GAS  C:\Users\Ryan\AppData\Local\Temp\ccMNixdp.s 			page 23


 1224      69676E65 
 1224      6420696E 
 1224      7400
 1225              	.LASF3:
 1226 00d0 73686F72 		.ascii	"short unsigned int\000"
 1226      7420756E 
 1226      7369676E 
 1226      65642069 
 1226      6E7400
 1227              	.LASF13:
 1228 00e3 63795F6D 		.ascii	"cy_meta_custnvl\000"
 1228      6574615F 
 1228      63757374 
 1228      6E766C00 
 1229              	.LASF12:
 1230 00f3 63795F6D 		.ascii	"cy_meta_configecc\000"
 1230      6574615F 
 1230      636F6E66 
 1230      69676563 
 1230      6300
 1231              	.LASF8:
 1232 0105 756E7369 		.ascii	"unsigned int\000"
 1232      676E6564 
 1232      20696E74 
 1232      00
 1233              	.LASF7:
 1234 0112 6C6F6E67 		.ascii	"long long unsigned int\000"
 1234      206C6F6E 
 1234      6720756E 
 1234      7369676E 
 1234      65642069 
 1235              	.LASF10:
 1236 0129 75696E74 		.ascii	"uint8_t\000"
 1236      385F7400 
 1237              	.LASF15:
 1238 0131 63795F6D 		.ascii	"cy_meta_flashprotect\000"
 1238      6574615F 
 1238      666C6173 
 1238      6870726F 
 1238      74656374 
 1239              	.LASF14:
 1240 0146 63795F6D 		.ascii	"cy_meta_wonvl\000"
 1240      6574615F 
 1240      776F6E76 
 1240      6C00
 1241              	.LASF11:
 1242 0154 73697A65 		.ascii	"sizetype\000"
 1242      74797065 
 1242      00
 1243              	.LASF6:
 1244 015d 6C6F6E67 		.ascii	"long long int\000"
 1244      206C6F6E 
 1244      6720696E 
 1244      7400
 1245              	.LASF2:
 1246 016b 73686F72 		.ascii	"short int\000"
 1246      7420696E 
ARM GAS  C:\Users\Ryan\AppData\Local\Temp\ccMNixdp.s 			page 24


 1246      7400
 1247              	.LASF4:
 1248 0175 6C6F6E67 		.ascii	"long int\000"
 1248      20696E74 
 1248      00
 1249              	.LASF19:
 1250 017e 443A5C46 		.ascii	"D:\\Folders\\Documents\\PSoC Creator\\RTD_Pt100\\LC"
 1250      6F6C6465 
 1250      72735C44 
 1250      6F63756D 
 1250      656E7473 
 1251 01ac 445F5254 		.ascii	"D_RTD_exercise.cydsn\000"
 1251      445F6578 
 1251      65726369 
 1251      73652E63 
 1251      7964736E 
 1252              	.LASF18:
 1253 01c1 47656E65 		.ascii	"Generated_Source\\PSoC5\\cymetadata.c\000"
 1253      72617465 
 1253      645F536F 
 1253      75726365 
 1253      5C50536F 
 1254              		.ident	"GCC: (GNU Tools for ARM Embedded Processors) 5.4.1 20160609 (release) [ARM/embedded-5-bran
